<?xml version="1.0" encoding="UTF-8"?>
<testsuite name="ghost.AppTest" tests="2" skipped="0" failures="0" errors="0" timestamp="2021-02-15T01:31:45" hostname="hali7329deMac-mini.local" time="1.73">
  <properties/>
  <testcase name="appCreateProperlywithBuildObjectTest()" classname="ghost.AppTest" time="0.081"/>
  <testcase name="appLoadImgInsetupMethod()" classname="ghost.AppTest" time="1.648"/>
  <system-out><![CDATA[]]></system-out>
  <system-err><![CDATA[]]></system-err>
</testsuite>
